--2021-05-27 18:38:12--  https://css.visualon.info/Receiver/website-demo/SampleReceiver/receiver.html
Resolving css.visualon.info (css.visualon.info)... 13.114.105.233
Connecting to css.visualon.info (css.visualon.info)|13.114.105.233|:443... connected.
HTTP request sent, awaiting response... 200 OK
Length: 2136 (2.1K) [text/html]
Saving to: 'C:/crx-webcast-reloaded/.bin/1-download-chromecast-receiver/2-visualon/../../../chromecast_receiver/2-visualon/SampleReceiver/receiver.html'

     0K ..                                                    100% 24.1M=0s

2021-05-27 18:38:12 (24.1 MB/s) - 'C:/crx-webcast-reloaded/.bin/1-download-chromecast-receiver/2-visualon/../../../chromecast_receiver/2-visualon/SampleReceiver/receiver.html' saved [2136/2136]

Loading robots.txt; please ignore errors.
--2021-05-27 18:38:12--  https://css.visualon.info/robots.txt
Reusing existing connection to css.visualon.info:443.
HTTP request sent, awaiting response... 404 Not Found
2021-05-27 18:38:13 ERROR 404: Not Found.

--2021-05-27 18:38:13--  https://css.visualon.info/Receiver/website-demo/SampleReceiver/css/receiver.css
Reusing existing connection to css.visualon.info:443.
HTTP request sent, awaiting response... 200 OK
Length: 7236 (7.1K) [text/css]
Saving to: 'C:/crx-webcast-reloaded/.bin/1-download-chromecast-receiver/2-visualon/../../../chromecast_receiver/2-visualon/SampleReceiver/css/receiver.css'

     0K .......                                               100% 62.1M=0s

2021-05-27 18:38:13 (62.1 MB/s) - 'C:/crx-webcast-reloaded/.bin/1-download-chromecast-receiver/2-visualon/../../../chromecast_receiver/2-visualon/SampleReceiver/css/receiver.css' saved [7236/7236]

--2021-05-27 18:38:13--  https://css.visualon.info/Receiver/website-demo/SampleReceiver/libs/voreceiver.min.js
Reusing existing connection to css.visualon.info:443.
HTTP request sent, awaiting response... 200 OK
Length: 2733836 (2.6M) [application/javascript]
Saving to: 'C:/crx-webcast-reloaded/.bin/1-download-chromecast-receiver/2-visualon/../../../chromecast_receiver/2-visualon/SampleReceiver/libs/voreceiver.min.js'

     0K .......... .......... .......... .......... ..........  1%  182K 14s
    50K .......... .......... .......... .......... ..........  3% 2.44M 8s
   100K .......... .......... .......... .......... ..........  5%  379K 7s
   150K .......... .......... .......... .......... ..........  7%  375K 7s
   200K .......... .......... .......... .......... ..........  9% 3.43M 6s
   250K .......... .......... .......... .......... .......... 11% 3.95M 5s
   300K .......... .......... .......... .......... .......... 13% 2.51M 4s
   350K .......... .......... .......... .......... .......... 14%  484K 4s
   400K .......... .......... .......... .......... .......... 16% 3.19M 4s
   450K .......... .......... .......... .......... .......... 18% 2.96M 3s
   500K .......... .......... .......... .......... .......... 20% 4.94M 3s
   550K .......... .......... .......... .......... .......... 22% 3.33M 3s
   600K .......... .......... .......... .......... .......... 24%  481K 3s
   650K .......... .......... .......... .......... .......... 26% 4.10M 2s
   700K .......... .......... .......... .......... .......... 28% 4.96M 2s
   750K .......... .......... .......... .......... .......... 29% 2.06M 2s
   800K .......... .......... .......... .......... .......... 31%  994K 2s
   850K .......... .......... .......... .......... .......... 33%  876K 2s
   900K .......... .......... .......... .......... .......... 35% 3.74M 2s
   950K .......... .......... .......... .......... .......... 37% 3.60M 2s
  1000K .......... .......... .......... .......... .......... 39% 1.57M 2s
  1050K .......... .......... .......... .......... .......... 41% 3.29M 2s
  1100K .......... .......... .......... .......... .......... 43%  840K 2s
  1150K .......... .......... .......... .......... .......... 44% 1.54M 1s
  1200K .......... .......... .......... .......... .......... 46% 4.66M 1s
  1250K .......... .......... .......... .......... .......... 48% 1.72M 1s
  1300K .......... .......... .......... .......... .......... 50% 3.37M 1s
  1350K .......... .......... .......... .......... .......... 52%  862K 1s
  1400K .......... .......... .......... .......... .......... 54% 2.19M 1s
  1450K .......... .......... .......... .......... .......... 56% 2.99M 1s
  1500K .......... .......... .......... .......... .......... 58% 2.15M 1s
  1550K .......... .......... .......... .......... .......... 59% 2.27M 1s
  1600K .......... .......... .......... .......... .......... 61%  838K 1s
  1650K .......... .......... .......... .......... .......... 63% 1.84M 1s
  1700K .......... .......... .......... .......... .......... 65% 3.44M 1s
  1750K .......... .......... .......... .......... .......... 67% 2.98M 1s
  1800K .......... .......... .......... .......... .......... 69% 1.85M 1s
  1850K .......... .......... .......... .......... .......... 71%  492K 1s
  1900K .......... .......... .......... .......... .......... 73% 3.65M 1s
  1950K .......... .......... .......... .......... .......... 74% 2.46M 1s
  2000K .......... .......... .......... .......... .......... 76% 3.44M 1s
  2050K .......... .......... .......... .......... .......... 78% 2.71M 0s
  2100K .......... .......... .......... .......... .......... 80%  670K 0s
  2150K .......... .......... .......... .......... .......... 82% 3.39M 0s
  2200K .......... .......... .......... .......... .......... 84% 2.08M 0s
  2250K .......... .......... .......... .......... .......... 86% 3.88M 0s
  2300K .......... .......... .......... .......... .......... 88% 2.53M 0s
  2350K .......... .......... .......... .......... .......... 89%  515K 0s
  2400K .......... .......... .......... .......... .......... 91% 7.31M 0s
  2450K .......... .......... .......... .......... .......... 93% 3.63M 0s
  2500K .......... .......... .......... .......... .......... 95% 3.63M 0s
  2550K .......... .......... .......... .......... .......... 97% 3.61M 0s
  2600K .......... .......... .......... .......... .......... 99%  922K 0s
  2650K .......... .........                                  100%  552K=2.1s

2021-05-27 18:38:15 (1.26 MB/s) - 'C:/crx-webcast-reloaded/.bin/1-download-chromecast-receiver/2-visualon/../../../chromecast_receiver/2-visualon/SampleReceiver/libs/voreceiver.min.js' saved [2733836/2733836]

--2021-05-27 18:38:15--  https://css.visualon.info/Receiver/website-demo/SampleReceiver/js/main.js
Reusing existing connection to css.visualon.info:443.
HTTP request sent, awaiting response... 200 OK
Length: 3666 (3.6K) [application/javascript]
Saving to: 'C:/crx-webcast-reloaded/.bin/1-download-chromecast-receiver/2-visualon/../../../chromecast_receiver/2-visualon/SampleReceiver/js/main.js'

     0K ...                                                   100% 33.0M=0s

2021-05-27 18:38:15 (33.0 MB/s) - 'C:/crx-webcast-reloaded/.bin/1-download-chromecast-receiver/2-visualon/../../../chromecast_receiver/2-visualon/SampleReceiver/js/main.js' saved [3666/3666]

--2021-05-27 18:38:15--  https://css.visualon.info/Receiver/website-demo/SampleReceiver/assets/svg/ic_pause_48px.svg
Reusing existing connection to css.visualon.info:443.
HTTP request sent, awaiting response... 200 OK
Length: 156 [image/svg+xml]
Saving to: 'C:/crx-webcast-reloaded/.bin/1-download-chromecast-receiver/2-visualon/../../../chromecast_receiver/2-visualon/SampleReceiver/assets/svg/ic_pause_48px.svg'

     0K                                                       100%  406M=0s

2021-05-27 18:38:15 (406 MB/s) - 'C:/crx-webcast-reloaded/.bin/1-download-chromecast-receiver/2-visualon/../../../chromecast_receiver/2-visualon/SampleReceiver/assets/svg/ic_pause_48px.svg' saved [156/156]

FINISHED --2021-05-27 18:38:15--
Total wall clock time: 3.7s
Downloaded: 5 files, 2.6M in 2.1s (1.27 MB/s)
Converting links in C:/crx-webcast-reloaded/.bin/1-download-chromecast-receiver/2-visualon/../../../chromecast_receiver/2-visualon/SampleReceiver/receiver.html... 3-1
Converting links in C:/crx-webcast-reloaded/.bin/1-download-chromecast-receiver/2-visualon/../../../chromecast_receiver/2-visualon/SampleReceiver/css/receiver.css... 1-0
Converted links in 2 files in 0.001 seconds.
